#
# There is insufficient memory for the Java Runtime Environment to continue.
# Native memory allocation (malloc) failed to allocate 233456 bytes for Chunk::new
# Possible reasons:
#   The system is out of physical RAM or swap space
#   The process is running with CompressedOops enabled, and the Java Heap may be blocking the growth of the native heap
# Possible solutions:
#   Reduce memory load on the system
#   Increase physical memory or swap space
#   Check if swap backing store is full
#   Decrease Java heap size (-Xmx/-Xms)
#   Decrease number of Java threads
#   Decrease Java thread stack sizes (-Xss)
#   Set larger code cache with -XX:ReservedCodeCacheSize=
#   JVM is running with Unscaled Compressed Oops mode in which the Java heap is
#     placed in the first 4GB address space. The Java Heap base address is the
#     maximum limit for the native heap growth. Please use -XX:HeapBaseMinAddress
#     to set the Java Heap base and to place the Java Heap above 4GB virtual address.
# This output file may be truncated or incomplete.
#
#  Out of Memory Error (./open/src/hotspot/share/memory/arena.cpp:197), pid=11788, tid=9848
#
# JRE version: Java(TM) SE Runtime Environment 18.9 (11.0.13+10) (build 11.0.13+10-LTS-370)
# Java VM: Java HotSpot(TM) 64-Bit Server VM 18.9 (11.0.13+10-LTS-370, mixed mode, tiered, compressed oops, g1 gc, windows-amd64)
# No core dump will be written. Minidumps are not enabled by default on client versions of Windows
#

---------------  S U M M A R Y ------------

Command Line: -Dfile.encoding=windows-1251 -Duser.country=UA -Duser.language=uk -Duser.variant com.dz8.demo.Dz8Application

Host: Intel(R) Core(TM) i5-8250U CPU @ 1.60GHz, 8 cores, 7G,  Windows 10 , 64 bit Build 19041 (10.0.19041.1889)
Time: Thu Aug 25 17:53:31 2022 Ô³íëÿíä³ÿ (ë³òî) elapsed time: 8.941769 seconds (0d 0h 0m 8s)

---------------  T H R E A D  ---------------

Current thread (0x00000171fd0f2800):  JavaThread "C2 CompilerThread0" daemon [_thread_in_native, id=9848, stack(0x000000033a600000,0x000000033a700000)]


Current CompileTask:
C2:   8941 5454   !   4       java.util.concurrent.ConcurrentHashMap::putVal (432 bytes)

Stack: [0x000000033a600000,0x000000033a700000]
Native frames: (J=compiled Java code, j=interpreted, Vv=VM code, C=native code)
V  [jvm.dll+0x62870a]
V  [jvm.dll+0x761f2f]
V  [jvm.dll+0x7635d9]
V  [jvm.dll+0x763c63]
V  [jvm.dll+0x23d728]
V  [jvm.dll+0xb293c]
V  [jvm.dll+0xb2efc]
V  [jvm.dll+0x2ae384]
V  [jvm.dll+0x53bfd6]
V  [jvm.dll+0x1f99d7]
V  [jvm.dll+0x1f731d]
V  [jvm.dll+0x177991]
V  [jvm.dll+0x206d84]
V  [jvm.dll+0x204ebb]
V  [jvm.dll+0x727e70]
V  [jvm.dll+0x720a54]
V  [jvm.dll+0x627606]
C  [ucrtbase.dll+0x21bb2]
C  [KERNEL32.DLL+0x17034]
C  [ntdll.dll+0x52651]


---------------  P R O C E S S  ---------------

Threads class SMR info:
_java_thread_list=0x00000171febeb710, length=18, elements={
0x00000171de98c000, 0x00000171fc85e000, 0x00000171fc85f000, 0x00000171fd0e9000,
0x00000171fd0eb000, 0x00000171fd0ec800, 0x00000171fd0f2800, 0x00000171fc873800,
0x00000171fd0f4000, 0x00000171fd28a000, 0x00000171fe4f2000, 0x00000171fe567000,
0x0000017182edd000, 0x0000017182e03800, 0x0000017180b28800, 0x0000017186c9e800,
0x00000171fd407000, 0x00000171fd3a0000
}

Java Threads: ( => current thread )
  0x00000171de98c000 JavaThread "main" [_thread_in_Java, id=8424, stack(0x0000000339a00000,0x0000000339b00000)]
  0x00000171fc85e000 JavaThread "Reference Handler" daemon [_thread_blocked, id=12012, stack(0x000000033a100000,0x000000033a200000)]
  0x00000171fc85f000 JavaThread "Finalizer" daemon [_thread_blocked, id=4352, stack(0x000000033a200000,0x000000033a300000)]
  0x00000171fd0e9000 JavaThread "Signal Dispatcher" daemon [_thread_blocked, id=9756, stack(0x000000033a300000,0x000000033a400000)]
  0x00000171fd0eb000 JavaThread "Attach Listener" daemon [_thread_blocked, id=6352, stack(0x000000033a400000,0x000000033a500000)]
  0x00000171fd0ec800 JavaThread "Service Thread" daemon [_thread_blocked, id=4864, stack(0x000000033a500000,0x000000033a600000)]
=>0x00000171fd0f2800 JavaThread "C2 CompilerThread0" daemon [_thread_in_native, id=9848, stack(0x000000033a600000,0x000000033a700000)]
  0x00000171fc873800 JavaThread "C1 CompilerThread0" daemon [_thread_blocked, id=11484, stack(0x000000033a700000,0x000000033a800000)]
  0x00000171fd0f4000 JavaThread "Sweeper thread" daemon [_thread_blocked, id=11196, stack(0x000000033a800000,0x000000033a900000)]
  0x00000171fd28a000 JavaThread "Common-Cleaner" daemon [_thread_blocked, id=11304, stack(0x000000033aa00000,0x000000033ab00000)]
  0x00000171fe4f2000 JavaThread "mysql-cj-abandoned-connection-cleanup" daemon [_thread_blocked, id=11476, stack(0x000000033af00000,0x000000033b000000)]
  0x00000171fe567000 JavaThread "Catalina-utility-1" [_thread_blocked, id=3216, stack(0x000000033b200000,0x000000033b300000)]
  0x0000017182edd000 JavaThread "Catalina-utility-2" [_thread_blocked, id=9084, stack(0x000000033b300000,0x000000033b400000)]
  0x0000017182e03800 JavaThread "container-0" [_thread_blocked, id=2964, stack(0x000000033b400000,0x000000033b500000)]
  0x0000017180b28800 JavaThread "HikariPool-1 housekeeper" daemon [_thread_blocked, id=2500, stack(0x000000033ba00000,0x000000033bb00000)]
  0x0000017186c9e800 JavaThread "HikariPool-1 connection adder" daemon [_thread_blocked, id=9500, stack(0x000000033bb00000,0x000000033bc00000)]
  0x00000171fd407000 JavaThread "C2 CompilerThread1" daemon [_thread_in_native, id=8700, stack(0x000000033ab00000,0x000000033ac00000)]
  0x00000171fd3a0000 JavaThread "C2 CompilerThread2" daemon [_thread_in_native, id=9004, stack(0x000000033ac00000,0x000000033ad00000)]

Other Threads:
  0x00000171fc85b000 VMThread "VM Thread" [stack: 0x000000033a000000,0x000000033a100000] [id=1396]
  0x00000171fd261800 WatcherThread [stack: 0x000000033a900000,0x000000033aa00000] [id=10712]
  0x00000171de99f800 GCTaskThread "GC Thread#0" [stack: 0x0000000339b00000,0x0000000339c00000] [id=11956]
  0x00000171fde42000 GCTaskThread "GC Thread#1" [stack: 0x000000033ad00000,0x000000033ae00000] [id=9908]
  0x00000171fe0af800 GCTaskThread "GC Thread#2" [stack: 0x000000033ae00000,0x000000033af00000] [id=3808]
  0x00000171fe718800 GCTaskThread "GC Thread#3" [stack: 0x000000033b000000,0x000000033b100000] [id=456]
  0x00000171806a3000 GCTaskThread "GC Thread#4" [stack: 0x000000033b600000,0x000000033b700000] [id=10096]
  0x0000017181494000 GCTaskThread "GC Thread#5" [stack: 0x000000033b700000,0x000000033b800000] [id=10636]
  0x0000017184dee000 GCTaskThread "GC Thread#6" [stack: 0x000000033b800000,0x000000033b900000] [id=7620]
  0x00000171833f7000 GCTaskThread "GC Thread#7" [stack: 0x000000033b900000,0x000000033ba00000] [id=212]
  0x00000171de9cf000 ConcurrentGCThread "G1 Main Marker" [stack: 0x0000000339c00000,0x0000000339d00000] [id=7676]
  0x00000171de9d1800 ConcurrentGCThread "G1 Conc#0" [stack: 0x0000000339d00000,0x0000000339e00000] [id=12108]
  0x00000171fe579800 ConcurrentGCThread "G1 Conc#1" [stack: 0x000000033b100000,0x000000033b200000] [id=2412]
  0x00000171fc6c0800 ConcurrentGCThread "G1 Refine#0" [stack: 0x0000000339e00000,0x0000000339f00000] [id=5632]
  0x00000171fc6c2000 ConcurrentGCThread "G1 Young RemSet Sampling" [stack: 0x0000000339f00000,0x000000033a000000] [id=9212]

Threads with active compile tasks:
C2 CompilerThread0   9018 5454   !   4       java.util.concurrent.ConcurrentHashMap::putVal (432 bytes)
C1 CompilerThread0   9018 5483       3       java.util.stream.ReferencePipeline::flatMap (30 bytes)
C2 CompilerThread1   9018 5460       4       org.springframework.util.ConcurrentReferenceHashMap$Segment::getReference (55 bytes)
C2 CompilerThread2   9018 5450       4       java.lang.PublicMethods::merge (81 bytes)

VM state:not at safepoint (normal execution)

VM Mutex/Monitor currently owned by a thread: None

Heap address: 0x0000000081c00000, size: 2020 MB, Compressed Oops mode: 32-bit
Narrow klass base: 0x0000000000000000, Narrow klass shift: 3
Compressed class space size: 1073741824 Address: 0x0000000100000000

Heap:
 garbage-first heap   total 189440K, used 90312K [0x0000000081c00000, 0x0000000100000000)
  region size 1024K, 72 young (73728K), 6 survivors (6144K)
 Metaspace       used 65985K, capacity 67878K, committed 68044K, reserved 1107968K
  class space    used 8606K, capacity 9410K, committed 9472K, reserved 1048576K
Heap Regions: E=young(eden), S=young(survivor), O=old, HS=humongous(starts), HC=humongous(continues), CS=collection set, F=free, A=archive, TAMS=top-at-mark-start (previous, next)
|   0|0x0000000081c00000, 0x0000000081d00000, 0x0000000081d00000|100%|HS|  |TAMS 0x0000000081d00000, 0x0000000081c00000| Complete 
|   1|0x0000000081d00000, 0x0000000081e00000, 0x0000000081e00000|100%| O|  |TAMS 0x0000000081e00000, 0x0000000081d00000| Untracked 
|   2|0x0000000081e00000, 0x0000000081f00000, 0x0000000081f00000|100%| O|  |TAMS 0x0000000081f00000, 0x0000000081e00000| Untracked 
|   3|0x0000000081f00000, 0x0000000082000000, 0x0000000082000000|100%| O|  |TAMS 0x0000000082000000, 0x0000000081f00000| Untracked 
|   4|0x0000000082000000, 0x0000000082100000, 0x0000000082100000|100%| O|  |TAMS 0x0000000082100000, 0x0000000082000000| Untracked 
|   5|0x0000000082100000, 0x0000000082200000, 0x0000000082200000|100%| O|  |TAMS 0x0000000082200000, 0x0000000082100000| Untracked 
|   6|0x0000000082200000, 0x0000000082300000, 0x0000000082300000|100%| O|  |TAMS 0x0000000082300000, 0x0000000082200000| Untracked 
|   7|0x0000000082300000, 0x0000000082400000, 0x0000000082400000|100%| O|  |TAMS 0x0000000082400000, 0x0000000082300000| Untracked 
|   8|0x0000000082400000, 0x0000000082500000, 0x0000000082500000|100%| O|  |TAMS 0x0000000082500000, 0x0000000082400000| Untracked 
|   9|0x0000000082500000, 0x0000000082600000, 0x0000000082600000|100%| O|  |TAMS 0x0000000082600000, 0x0000000082500000| Untracked 
|  10|0x0000000082600000, 0x0000000082700000, 0x0000000082700000|100%| O|  |TAMS 0x0000000082700000, 0x0000000082600000| Untracked 
|  11|0x0000000082700000, 0x0000000082800000, 0x0000000082800000|100%| O|  |TAMS 0x0000000082800000, 0x0000000082700000| Untracked 
|  12|0x0000000082800000, 0x0000000082900000, 0x0000000082900000|100%| O|  |TAMS 0x0000000082900000, 0x0000000082800000| Untracked 
|  13|0x0000000082900000, 0x0000000082a00000, 0x0000000082a00000|100%| O|  |TAMS 0x0000000082a00000, 0x0000000082900000| Untracked 
|  14|0x0000000082a00000, 0x0000000082b00000, 0x0000000082b00000|100%| O|  |TAMS 0x0000000082b00000, 0x0000000082a00000| Untracked 
|  15|0x0000000082b00000, 0x0000000082c00000, 0x0000000082c00000|100%| O|  |TAMS 0x0000000082c00000, 0x0000000082b00000| Untracked 
|  16|0x0000000082c00000, 0x0000000082d00000, 0x0000000082d00000|100%| O|  |TAMS 0x0000000082d00000, 0x0000000082c00000| Untracked 
|  17|0x0000000082d00000, 0x0000000082dfa800, 0x0000000082e00000| 97%| O|  |TAMS 0x0000000082dfa800, 0x0000000082d00000| Untracked 
|  18|0x0000000082e00000, 0x0000000082e00000, 0x0000000082f00000|  0%| F|  |TAMS 0x0000000082e00000, 0x0000000082e00000| Untracked 
|  19|0x0000000082f00000, 0x0000000082f00000, 0x0000000083000000|  0%| F|  |TAMS 0x0000000082f00000, 0x0000000082f00000| Untracked 
|  20|0x0000000083000000, 0x0000000083000000, 0x0000000083100000|  0%| F|  |TAMS 0x0000000083000000, 0x0000000083000000| Untracked 
|  21|0x0000000083100000, 0x0000000083100000, 0x0000000083200000|  0%| F|  |TAMS 0x0000000083100000, 0x0000000083100000| Untracked 
|  22|0x0000000083200000, 0x0000000083200000, 0x0000000083300000|  0%| F|  |TAMS 0x0000000083200000, 0x0000000083200000| Untracked 
|  23|0x0000000083300000, 0x0000000083300000, 0x0000000083400000|  0%| F|  |TAMS 0x0000000083300000, 0x0000000083300000| Untracked 
|  24|0x0000000083400000, 0x0000000083400000, 0x0000000083500000|  0%| F|  |TAMS 0x0000000083400000, 0x0000000083400000| Untracked 
|  25|0x0000000083500000, 0x0000000083500000, 0x0000000083600000|  0%| F|  |TAMS 0x0000000083500000, 0x0000000083500000| Untracked 
|  26|0x0000000083600000, 0x0000000083600000, 0x0000000083700000|  0%| F|  |TAMS 0x0000000083600000, 0x0000000083600000| Untracked 
|  27|0x0000000083700000, 0x0000000083700000, 0x0000000083800000|  0%| F|  |TAMS 0x0000000083700000, 0x0000000083700000| Untracked 
|  28|0x0000000083800000, 0x0000000083800000, 0x0000000083900000|  0%| F|  |TAMS 0x0000000083800000, 0x0000000083800000| Untracked 
|  29|0x0000000083900000, 0x0000000083900000, 0x0000000083a00000|  0%| F|  |TAMS 0x0000000083900000, 0x0000000083900000| Untracked 
|  30|0x0000000083a00000, 0x0000000083a00000, 0x0000000083b00000|  0%| F|  |TAMS 0x0000000083a00000, 0x0000000083a00000| Untracked 
|  31|0x0000000083b00000, 0x0000000083b00000, 0x0000000083c00000|  0%| F|  |TAMS 0x0000000083b00000, 0x0000000083b00000| Untracked 
|  32|0x0000000083c00000, 0x0000000083c00000, 0x0000000083d00000|  0%| F|  |TAMS 0x0000000083c00000, 0x0000000083c00000| Untracked 
|  33|0x0000000083d00000, 0x0000000083d00000, 0x0000000083e00000|  0%| F|  |TAMS 0x0000000083d00000, 0x0000000083d00000| Untracked 
|  34|0x0000000083e00000, 0x0000000083e00000, 0x0000000083f00000|  0%| F|  |TAMS 0x0000000083e00000, 0x0000000083e00000| Untracked 
|  35|0x0000000083f00000, 0x0000000083f00000, 0x0000000084000000|  0%| F|  |TAMS 0x0000000083f00000, 0x0000000083f00000| Untracked 
|  36|0x0000000084000000, 0x0000000084000000, 0x0000000084100000|  0%| F|  |TAMS 0x0000000084000000, 0x0000000084000000| Untracked 
|  37|0x0000000084100000, 0x0000000084100000, 0x0000000084200000|  0%| F|  |TAMS 0x0000000084100000, 0x0000000084100000| Untracked 
|  38|0x0000000084200000, 0x0000000084200000, 0x0000000084300000|  0%| F|  |TAMS 0x0000000084200000, 0x0000000084200000| Untracked 
|  39|0x0000000084300000, 0x0000000084300000, 0x0000000084400000|  0%| F|  |TAMS 0x0000000084300000, 0x0000000084300000| Untracked 
|  40|0x0000000084400000, 0x0000000084400000, 0x0000000084500000|  0%| F|  |TAMS 0x0000000084400000, 0x0000000084400000| Untracked 
|  41|0x0000000084500000, 0x0000000084500000, 0x0000000084600000|  0%| F|  |TAMS 0x0000000084500000, 0x0000000084500000| Untracked 
|  42|0x0000000084600000, 0x0000000084600000, 0x0000000084700000|  0%| F|  |TAMS 0x0000000084600000, 0x0000000084600000| Untracked 
|  43|0x0000000084700000, 0x0000000084700000, 0x0000000084800000|  0%| F|  |TAMS 0x0000000084700000, 0x0000000084700000| Untracked 
|  44|0x0000000084800000, 0x0000000084800000, 0x0000000084900000|  0%| F|  |TAMS 0x0000000084800000, 0x0000000084800000| Untracked 
|  45|0x0000000084900000, 0x0000000084900000, 0x0000000084a00000|  0%| F|  |TAMS 0x0000000084900000, 0x0000000084900000| Untracked 
|  46|0x0000000084a00000, 0x0000000084a00000, 0x0000000084b00000|  0%| F|  |TAMS 0x0000000084a00000, 0x0000000084a00000| Untracked 
|  47|0x0000000084b00000, 0x0000000084b00000, 0x0000000084c00000|  0%| F|  |TAMS 0x0000000084b00000, 0x0000000084b00000| Untracked 
|  48|0x0000000084c00000, 0x0000000084c00000, 0x0000000084d00000|  0%| F|  |TAMS 0x0000000084c00000, 0x0000000084c00000| Untracked 
|  49|0x0000000084d00000, 0x0000000084d00000, 0x0000000084e00000|  0%| F|  |TAMS 0x0000000084d00000, 0x0000000084d00000| Untracked 
|  50|0x0000000084e00000, 0x0000000084e00000, 0x0000000084f00000|  0%| F|  |TAMS 0x0000000084e00000, 0x0000000084e00000| Untracked 
|  51|0x0000000084f00000, 0x0000000084f00000, 0x0000000085000000|  0%| F|  |TAMS 0x0000000084f00000, 0x0000000084f00000| Untracked 
|  52|0x0000000085000000, 0x0000000085000000, 0x0000000085100000|  0%| F|  |TAMS 0x0000000085000000, 0x0000000085000000| Untracked 
|  53|0x0000000085100000, 0x0000000085100000, 0x0000000085200000|  0%| F|  |TAMS 0x0000000085100000, 0x0000000085100000| Untracked 
|  54|0x0000000085200000, 0x0000000085200000, 0x0000000085300000|  0%| F|  |TAMS 0x0000000085200000, 0x0000000085200000| Untracked 
|  55|0x0000000085300000, 0x0000000085300000, 0x0000000085400000|  0%| F|  |TAMS 0x0000000085300000, 0x0000000085300000| Untracked 
|  56|0x0000000085400000, 0x0000000085400000, 0x0000000085500000|  0%| F|  |TAMS 0x0000000085400000, 0x0000000085400000| Untracked 
|  57|0x0000000085500000, 0x0000000085500000, 0x0000000085600000|  0%| F|  |TAMS 0x0000000085500000, 0x0000000085500000| Untracked 
|  58|0x0000000085600000, 0x0000000085600000, 0x0000000085700000|  0%| F|  |TAMS 0x0000000085600000, 0x0000000085600000| Untracked 
|  59|0x0000000085700000, 0x0000000085700000, 0x0000000085800000|  0%| F|  |TAMS 0x0000000085700000, 0x0000000085700000| Untracked 
|  60|0x0000000085800000, 0x0000000085800000, 0x0000000085900000|  0%| F|  |TAMS 0x0000000085800000, 0x0000000085800000| Untracked 
|  61|0x0000000085900000, 0x0000000085900000, 0x0000000085a00000|  0%| F|  |TAMS 0x0000000085900000, 0x0000000085900000| Untracked 
|  62|0x0000000085a00000, 0x0000000085a00000, 0x0000000085b00000|  0%| F|  |TAMS 0x0000000085a00000, 0x0000000085a00000| Untracked 
|  63|0x0000000085b00000, 0x0000000085b00000, 0x0000000085c00000|  0%| F|  |TAMS 0x0000000085b00000, 0x0000000085b00000| Untracked 
|  64|0x0000000085c00000, 0x0000000085c00000, 0x0000000085d00000|  0%| F|  |TAMS 0x0000000085c00000, 0x0000000085c00000| Untracked 
|  65|0x0000000085d00000, 0x0000000085d00000, 0x0000000085e00000|  0%| F|  |TAMS 0x0000000085d00000, 0x0000000085d00000| Untracked 
|  66|0x0000000085e00000, 0x0000000085e00000, 0x0000000085f00000|  0%| F|  |TAMS 0x0000000085e00000, 0x0000000085e00000| Untracked 
|  67|0x0000000085f00000, 0x0000000085f00000, 0x0000000086000000|  0%| F|  |TAMS 0x0000000085f00000, 0x0000000085f00000| Untracked 
|  68|0x0000000086000000, 0x0000000086000000, 0x0000000086100000|  0%| F|  |TAMS 0x0000000086000000, 0x0000000086000000| Untracked 
|  69|0x0000000086100000, 0x0000000086100000, 0x0000000086200000|  0%| F|  |TAMS 0x0000000086100000, 0x0000000086100000| Untracked 
|  70|0x0000000086200000, 0x0000000086200000, 0x0000000086300000|  0%| F|  |TAMS 0x0000000086200000, 0x0000000086200000| Untracked 
|  71|0x0000000086300000, 0x0000000086300000, 0x0000000086400000|  0%| F|  |TAMS 0x0000000086300000, 0x0000000086300000| Untracked 
|  72|0x0000000086400000, 0x0000000086400000, 0x0000000086500000|  0%| F|  |TAMS 0x0000000086400000, 0x0000000086400000| Untracked 
|  73|0x0000000086500000, 0x0000000086500000, 0x0000000086600000|  0%| F|  |TAMS 0x0000000086500000, 0x0000000086500000| Untracked 
|  74|0x0000000086600000, 0x0000000086600000, 0x0000000086700000|  0%| F|  |TAMS 0x0000000086600000, 0x0000000086600000| Untracked 
|  75|0x0000000086700000, 0x0000000086700000, 0x0000000086800000|  0%| F|  |TAMS 0x0000000086700000, 0x0000000086700000| Untracked 
|  76|0x0000000086800000, 0x0000000086800000, 0x0000000086900000|  0%| F|  |TAMS 0x0000000086800000, 0x0000000086800000| Untracked 
|  77|0x0000000086900000, 0x0000000086900000, 0x0000000086a00000|  0%| F|  |TAMS 0x0000000086900000, 0x0000000086900000| Untracked 
|  78|0x0000000086a00000, 0x0000000086a00000, 0x0000000086b00000|  0%| F|  |TAMS 0x0000000086a00000, 0x0000000086a00000| Untracked 
|  79|0x0000000086b00000, 0x0000000086b00000, 0x0000000086c00000|  0%| F|  |TAMS 0x0000000086b00000, 0x0000000086b00000| Untracked 
|  80|0x0000000086c00000, 0x0000000086c00000, 0x0000000086d00000|  0%| F|  |TAMS 0x0000000086c00000, 0x0000000086c00000| Untracked 
|  81|0x0000000086d00000, 0x0000000086d00000, 0x0000000086e00000|  0%| F|  |TAMS 0x0000000086d00000, 0x0000000086d00000| Untracked 
|  82|0x0000000086e00000, 0x0000000086e00000, 0x0000000086f00000|  0%| F|  |TAMS 0x0000000086e00000, 0x0000000086e00000| Untracked 
|  83|0x0000000086f00000, 0x0000000086f00000, 0x0000000087000000|  0%| F|  |TAMS 0x0000000086f00000, 0x0000000086f00000| Untracked 
|  84|0x0000000087000000, 0x0000000087000000, 0x0000000087100000|  0%| F|  |TAMS 0x0000000087000000, 0x0000000087000000| Untracked 
|  85|0x0000000087100000, 0x0000000087100000, 0x0000000087200000|  0%| F|  |TAMS 0x0000000087100000, 0x0000000087100000| Untracked 
|  86|0x0000000087200000, 0x0000000087200000, 0x0000000087300000|  0%| F|  |TAMS 0x0000000087200000, 0x0000000087200000| Untracked 
|  87|0x0000000087300000, 0x0000000087300000, 0x0000000087400000|  0%| F|  |TAMS 0x0000000087300000, 0x0000000087300000| Untracked 
|  88|0x0000000087400000, 0x0000000087400000, 0x0000000087500000|  0%| F|  |TAMS 0x0000000087400000, 0x0000000087400000| Untracked 
|  89|0x0000000087500000, 0x0000000087500000, 0x0000000087600000|  0%| F|  |TAMS 0x0000000087500000, 0x0000000087500000| Untracked 
|  90|0x0000000087600000, 0x0000000087600000, 0x0000000087700000|  0%| F|  |TAMS 0x0000000087600000, 0x0000000087600000| Untracked 
|  91|0x0000000087700000, 0x0000000087700000, 0x0000000087800000|  0%| F|  |TAMS 0x0000000087700000, 0x0000000087700000| Untracked 
|  92|0x0000000087800000, 0x0000000087800000, 0x0000000087900000|  0%| F|  |TAMS 0x0000000087800000, 0x0000000087800000| Untracked 
|  93|0x0000000087900000, 0x0000000087900000, 0x0000000087a00000|  0%| F|  |TAMS 0x0000000087900000, 0x0000000087900000| Untracked 
|  94|0x0000000087a00000, 0x0000000087a00000, 0x0000000087b00000|  0%| F|  |TAMS 0x0000000087a00000, 0x0000000087a00000| Untracked 
|  95|0x0000000087b00000, 0x0000000087b00000, 0x0000000087c00000|  0%| F|  |TAMS 0x0000000087b00000, 0x0000000087b00000| Untracked 
|  96|0x0000000087c00000, 0x0000000087c00000, 0x0000000087d00000|  0%| F|  |TAMS 0x0000000087c00000, 0x0000000087c00000| Untracked 
|  97|0x0000000087d00000, 0x0000000087d00000, 0x0000000087e00000|  0%| F|  |TAMS 0x0000000087d00000, 0x0000000087d00000| Untracked 
|  98|0x0000000087e00000, 0x0000000087e00000, 0x0000000087f00000|  0%| F|  |TAMS 0x0000000087e00000, 0x0000000087e00000| Untracked 
|  99|0x0000000087f00000, 0x0000000087f00000, 0x0000000088000000|  0%| F|  |TAMS 0x0000000087f00000, 0x0000000087f00000| Untracked 
| 100|0x0000000088000000, 0x0000000088000000, 0x0000000088100000|  0%| F|  |TAMS 0x0000000088000000, 0x0000000088000000| Untracked 
| 101|0x0000000088100000, 0x0000000088100000, 0x0000000088200000|  0%| F|  |TAMS 0x0000000088100000, 0x0000000088100000| Untracked 
| 102|0x0000000088200000, 0x0000000088200000, 0x0000000088300000|  0%| F|  |TAMS 0x0000000088200000, 0x0000000088200000| Untracked 
| 103|0x0000000088300000, 0x0000000088300000, 0x0000000088400000|  0%| F|  |TAMS 0x0000000088300000, 0x0000000088300000| Untracked 
| 104|0x0000000088400000, 0x0000000088400000, 0x0000000088500000|  0%| F|  |TAMS 0x0000000088400000, 0x0000000088400000| Untracked 
| 105|0x0000000088500000, 0x0000000088500000, 0x0000000088600000|  0%| F|  |TAMS 0x0000000088500000, 0x0000000088500000| Untracked 
| 106|0x0000000088600000, 0x0000000088600000, 0x0000000088700000|  0%| F|  |TAMS 0x0000000088600000, 0x0000000088600000| Untracked 
| 107|0x0000000088700000, 0x0000000088700000, 0x0000000088800000|  0%| F|  |TAMS 0x0000000088700000, 0x0000000088700000| Untracked 
| 108|0x0000000088800000, 0x0000000088800000, 0x0000000088900000|  0%| F|  |TAMS 0x0000000088800000, 0x0000000088800000| Untracked 
| 109|0x0000000088900000, 0x0000000088900000, 0x0000000088a00000|  0%| F|  |TAMS 0x0000000088900000, 0x0000000088900000| Untracked 
| 110|0x0000000088a00000, 0x0000000088a00000, 0x0000000088b00000|  0%| F|  |TAMS 0x0000000088a00000, 0x0000000088a00000| Untracked 
| 111|0x0000000088b00000, 0x0000000088b00000, 0x0000000088c00000|  0%| F|  |TAMS 0x0000000088b00000, 0x0000000088b00000| Untracked 
| 112|0x0000000088c00000, 0x0000000088c00000, 0x0000000088d00000|  0%| F|  |TAMS 0x0000000088c00000, 0x0000000088c00000| Untracked 
| 113|0x0000000088d00000, 0x0000000088d80800, 0x0000000088e00000| 50%| E|  |TAMS 0x0000000088d00000, 0x0000000088d00000| Complete 
| 114|0x0000000088e00000, 0x0000000088f00000, 0x0000000088f00000|100%| E|CS|TAMS 0x0000000088e00000, 0x0000000088e00000| Complete 
| 115|0x0000000088f00000, 0x0000000089000000, 0x0000000089000000|100%| E|CS|TAMS 0x0000000088f00000, 0x0000000088f00000| Complete 
| 116|0x0000000089000000, 0x0000000089100000, 0x0000000089100000|100%| E|CS|TAMS 0x0000000089000000, 0x0000000089000000| Complete 
| 117|0x0000000089100000, 0x0000000089200000, 0x0000000089200000|100%| E|CS|TAMS 0x0000000089100000, 0x0000000089100000| Complete 
| 118|0x0000000089200000, 0x0000000089300000, 0x0000000089300000|100%| E|CS|TAMS 0x0000000089200000, 0x0000000089200000| Complete 
| 119|0x0000000089300000, 0x0000000089400000, 0x0000000089400000|100%| E|CS|TAMS 0x0000000089300000, 0x0000000089300000| Complete 
| 120|0x0000000089400000, 0x0000000089500000, 0x0000000089500000|100%| E|CS|TAMS 0x0000000089400000, 0x0000000089400000| Complete 
| 121|0x0000000089500000, 0x0000000089600000, 0x0000000089600000|100%| E|CS|TAMS 0x0000000089500000, 0x0000000089500000| Complete 
| 122|0x0000000089600000, 0x0000000089700000, 0x0000000089700000|100%| E|CS|TAMS 0x0000000089600000, 0x0000000089600000| Complete 
| 123|0x0000000089700000, 0x0000000089800000, 0x0000000089800000|100%| E|CS|TAMS 0x0000000089700000, 0x0000000089700000| Complete 
| 124|0x0000000089800000, 0x0000000089900000, 0x0000000089900000|100%| E|CS|TAMS 0x0000000089800000, 0x0000000089800000| Complete 
| 125|0x0000000089900000, 0x0000000089a00000, 0x0000000089a00000|100%| E|CS|TAMS 0x0000000089900000, 0x0000000089900000| Complete 
| 126|0x0000000089a00000, 0x0000000089a37b20, 0x0000000089b00000| 21%| S|CS|TAMS 0x0000000089a00000, 0x0000000089a00000| Complete 
| 127|0x0000000089b00000, 0x0000000089c00000, 0x0000000089c00000|100%| S|CS|TAMS 0x0000000089b00000, 0x0000000089b00000| Complete 
| 128|0x0000000089c00000, 0x0000000089d00000, 0x0000000089d00000|100%| S|CS|TAMS 0x0000000089c00000, 0x0000000089c00000| Complete 
| 129|0x0000000089d00000, 0x0000000089e00000, 0x0000000089e00000|100%| S|CS|TAMS 0x0000000089d00000, 0x0000000089d00000| Complete 
| 130|0x0000000089e00000, 0x0000000089f00000, 0x0000000089f00000|100%| S|CS|TAMS 0x0000000089e00000, 0x0000000089e00000| Complete 
| 131|0x0000000089f00000, 0x000000008a000000, 0x000000008a000000|100%| S|CS|TAMS 0x0000000089f00000, 0x0000000089f00000| Complete 
| 132|0x000000008a000000, 0x000000008a100000, 0x000000008a100000|100%| E|CS|TAMS 0x000000008a000000, 0x000000008a000000| Complete 
| 133|0x000000008a100000, 0x000000008a200000, 0x000000008a200000|100%| E|CS|TAMS 0x000000008a100000, 0x000000008a100000| Complete 
| 134|0x000000008a200000, 0x000000008a300000, 0x000000008a300000|100%| E|CS|TAMS 0x000000008a200000, 0x000000008a200000| Complete 
| 135|0x000000008a300000, 0x000000008a400000, 0x000000008a400000|100%| E|CS|TAMS 0x000000008a300000, 0x000000008a300000| Complete 
| 136|0x000000008a400000, 0x000000008a500000, 0x000000008a500000|100%| E|CS|TAMS 0x000000008a400000, 0x000000008a400000| Complete 
| 137|0x000000008a500000, 0x000000008a600000, 0x000000008a600000|100%| E|CS|TAMS 0x000000008a500000, 0x000000008a500000| Complete 
| 138|0x000000008a600000, 0x000000008a700000, 0x000000008a700000|100%| E|CS|TAMS 0x000000008a600000, 0x000000008a600000| Complete 
| 139|0x000000008a700000, 0x000000008a800000, 0x000000008a800000|100%| E|CS|TAMS 0x000000008a700000, 0x000000008a700000| Complete 
| 140|0x000000008a800000, 0x000000008a900000, 0x000000008a900000|100%| E|CS|TAMS 0x000000008a800000, 0x000000008a800000| Complete 
| 141|0x000000008a900000, 0x000000008aa00000, 0x000000008aa00000|100%| E|CS|TAMS 0x000000008a900000, 0x000000008a900000| Complete 
| 142|0x000000008aa00000, 0x000000008ab00000, 0x000000008ab00000|100%| E|CS|TAMS 0x000000008aa00000, 0x000000008aa00000| Complete 
| 143|0x000000008ab00000, 0x000000008ac00000, 0x000000008ac00000|100%| E|CS|TAMS 0x000000008ab00000, 0x000000008ab00000| Complete 
| 144|0x000000008ac00000, 0x000000008ad00000, 0x000000008ad00000|100%| E|CS|TAMS 0x000000008ac00000, 0x000000008ac00000| Complete 
| 145|0x000000008ad00000, 0x000000008ae00000, 0x000000008ae00000|100%| E|CS|TAMS 0x000000008ad00000, 0x000000008ad00000| Complete 
| 146|0x000000008ae00000, 0x000000008af00000, 0x000000008af00000|100%| E|CS|TAMS 0x000000008ae00000, 0x000000008ae00000| Complete 
| 147|0x000000008af00000, 0x000000008b000000, 0x000000008b000000|100%| E|CS|TAMS 0x000000008af00000, 0x000000008af00000| Complete 
| 148|0x000000008b000000, 0x000000008b100000, 0x000000008b100000|100%| E|CS|TAMS 0x000000008b000000, 0x000000008b000000| Complete 
| 149|0x000000008b100000, 0x000000008b200000, 0x000000008b200000|100%| E|CS|TAMS 0x000000008b100000, 0x000000008b100000| Complete 
| 150|0x000000008b200000, 0x000000008b300000, 0x000000008b300000|100%| E|CS|TAMS 0x000000008b200000, 0x000000008b200000| Complete 
| 151|0x000000008b300000, 0x000000008b400000, 0x000000008b400000|100%| E|CS|TAMS 0x000000008b300000, 0x000000008b300000| Complete 
| 152|0x000000008b400000, 0x000000008b500000, 0x000000008b500000|100%| E|CS|TAMS 0x000000008b400000, 0x000000008b400000| Complete 
| 153|0x000000008b500000, 0x000000008b600000, 0x000000008b600000|100%| E|CS|TAMS 0x000000008b500000, 0x000000008b500000| Complete 
| 154|0x000000008b600000, 0x000000008b700000, 0x000000008b700000|100%| E|CS|TAMS 0x000000008b600000, 0x000000008b600000| Complete 
| 155|0x000000008b700000, 0x000000008b800000, 0x000000008b800000|100%| E|CS|TAMS 0x000000008b700000, 0x000000008b700000| Complete 
| 156|0x000000008b800000, 0x000000008b900000, 0x000000008b900000|100%| E|CS|TAMS 0x000000008b800000, 0x000000008b800000| Complete 
| 157|0x000000008b900000, 0x000000008ba00000, 0x000000008ba00000|100%| E|CS|TAMS 0x000000008b900000, 0x000000008b900000| Complete 
| 158|0x000000008ba00000, 0x000000008bb00000, 0x000000008bb00000|100%| E|CS|TAMS 0x000000008ba00000, 0x000000008ba00000| Complete 
| 159|0x000000008bb00000, 0x000000008bc00000, 0x000000008bc00000|100%| E|CS|TAMS 0x000000008bb00000, 0x000000008bb00000| Complete 
| 160|0x000000008bc00000, 0x000000008bd00000, 0x000000008bd00000|100%| E|CS|TAMS 0x000000008bc00000, 0x000000008bc00000| Complete 
| 161|0x000000008bd00000, 0x000000008be00000, 0x000000008be00000|100%| E|CS|TAMS 0x000000008bd00000, 0x000000008bd00000| Complete 
| 162|0x000000008be00000, 0x000000008bf00000, 0x000000008bf00000|100%| E|CS|TAMS 0x000000008be00000, 0x000000008be00000| Complete 
| 163|0x000000008bf00000, 0x000000008c000000, 0x000000008c000000|100%| E|CS|TAMS 0x000000008bf00000, 0x000000008bf00000| Complete 
| 164|0x000000008c000000, 0x000000008c100000, 0x000000008c100000|100%| E|CS|TAMS 0x000000008c000000, 0x000000008c000000| Complete 
| 165|0x000000008c100000, 0x000000008c200000, 0x000000008c200000|100%| E|CS|TAMS 0x000000008c100000, 0x000000008c100000| Complete 
| 166|0x000000008c200000, 0x000000008c300000, 0x000000008c300000|100%| E|CS|TAMS 0x000000008c200000, 0x000000008c200000| Complete 
| 167|0x000000008c300000, 0x000000008c400000, 0x000000008c400000|100%| E|CS|TAMS 0x000000008c300000, 0x000000008c300000| Complete 
| 168|0x000000008c400000, 0x000000008c500000, 0x000000008c500000|100%| E|CS|TAMS 0x000000008c400000, 0x000000008c400000| Complete 
| 169|0x000000008c500000, 0x000000008c600000, 0x000000008c600000|100%| E|CS|TAMS 0x000000008c500000, 0x000000008c500000| Complete 
| 170|0x000000008c600000, 0x000000008c700000, 0x000000008c700000|100%| E|CS|TAMS 0x000000008c600000, 0x000000008c600000| Complete 
| 171|0x000000008c700000, 0x000000008c800000, 0x000000008c800000|100%| E|CS|TAMS 0x000000008c700000, 0x000000008c700000| Complete 
| 172|0x000000008c800000, 0x000000008c900000, 0x000000008c900000|100%| E|CS|TAMS 0x000000008c800000, 0x000000008c800000| Complete 
| 173|0x000000008c900000, 0x000000008ca00000, 0x000000008ca00000|100%| E|CS|TAMS 0x000000008c900000, 0x000000008c900000| Complete 
| 174|0x000000008ca00000, 0x000000008cb00000, 0x000000008cb00000|100%| E|CS|TAMS 0x000000008ca00000, 0x000000008ca00000| Complete 
| 175|0x000000008cb00000, 0x000000008cc00000, 0x000000008cc00000|100%| E|CS|TAMS 0x000000008cb00000, 0x000000008cb00000| Complete 
| 176|0x000000008cc00000, 0x000000008cd00000, 0x000000008cd00000|100%| E|CS|TAMS 0x000000008cc00000, 0x000000008cc00000| Complete 
| 177|0x000000008cd00000, 0x000000008ce00000, 0x000000008ce00000|100%| E|CS|TAMS 0x000000008cd00000, 0x000000008cd00000| Complete 
| 178|0x000000008ce00000, 0x000000008cf00000, 0x000000008cf00000|100%| E|CS|TAMS 0x000000008ce00000, 0x000000008ce00000| Complete 
| 179|0x000000008cf00000, 0x000000008d000000, 0x000000008d000000|100%| E|CS|TAMS 0x000000008cf00000, 0x000000008cf00000| Complete 
| 180|0x000000008d000000, 0x000000008d100000, 0x000000008d100000|100%| E|CS|TAMS 0x000000008d000000, 0x000000008d000000| Complete 
| 181|0x000000008d100000, 0x000000008d200000, 0x000000008d200000|100%| E|CS|TAMS 0x000000008d100000, 0x000000008d100000| Complete 
| 182|0x000000008d200000, 0x000000008d300000, 0x000000008d300000|100%| E|CS|TAMS 0x000000008d200000, 0x000000008d200000| Complete 
| 183|0x000000008d300000, 0x000000008d400000, 0x000000008d400000|100%| E|CS|TAMS 0x000000008d300000, 0x000000008d300000| Complete 
| 184|0x000000008d400000, 0x000000008d500000, 0x000000008d500000|100%| E|CS|TAMS 0x000000008d400000, 0x000000008d400000| Complete 

Card table byte_map: [0x00000171f56e0000,0x00000171f5ae0000] _byte_map_base: 0x00000171f52d2000

Marking Bits (Prev, Next): (CMBitMap*) 0x00000171de9c6240, (CMBitMap*) 0x00000171de9c6208
 Prev Bits: [0x00000171f7e70000, 0x00000171f9e00000)
 Next Bits: [0x00000171f5ee0000, 0x00000171f7e70000)

Polling page: 0x00000171dc8e0000

Metaspace:

Usage:
  Non-class:     57.11 MB capacity,    56.06 MB ( 98%) used,   839.62 KB (  1%) free+waste,   237.19 KB ( <1%) overhead. 
      Class:      9.20 MB capacity,     8.41 MB ( 91%) used,   685.49 KB (  7%) free+waste,   118.13 KB (  1%) overhead. 
       Both:     66.30 MB capacity,    64.47 MB ( 97%) used,     1.49 MB (  2%) free+waste,   355.31 KB ( <1%) overhead. 

Virtual space:
  Non-class space:       58.00 MB reserved,      57.20 MB ( 99%) committed 
      Class space:        1.00 GB reserved,       9.25 MB ( <1%) committed 
             Both:        1.06 GB reserved,      66.45 MB (  6%) committed 

Chunk freelists:
   Non-Class:  0 bytes
       Class:  0 bytes
        Both:  0 bytes

CodeHeap 'non-profiled nmethods': size=120000Kb used=4299Kb max_used=4299Kb free=115700Kb
 bounds [0x00000171eda80000, 0x00000171edec0000, 0x00000171f4fb0000]
CodeHeap 'profiled nmethods': size=120000Kb used=12235Kb max_used=12235Kb free=107764Kb
 bounds [0x00000171e6550000, 0x00000171e7150000, 0x00000171eda80000]
CodeHeap 'non-nmethods': size=5760Kb used=1223Kb max_used=1284Kb free=4536Kb
 bounds [0x00000171e5fb0000, 0x00000171e6220000, 0x00000171e6550000]
 total_blobs=6036 nmethods=5439 adapters=507
 compilation: enabled
              stopped_count=0, restarted_count=0
 full_count=0

Compilation events (10 events):
Event: 8.889 Thread 0x00000171fc873800 nmethod 5452 0x00000171e7138710 code [0x00000171e71388e0, 0x00000171e7138b08]
Event: 8.893 Thread 0x00000171fd0f2800 nmethod 5379 0x00000171edeab110 code [0x00000171edeab6e0, 0x00000171edeaeef8]
Event: 8.898 Thread 0x00000171fd407000 nmethod 5451 0x00000171edeb1590 code [0x00000171edeb1720, 0x00000171edeb1c98]
Event: 8.927 Thread 0x00000171fc873800 5453       3       java.lang.reflect.Type::getTypeName (5 bytes)
Event: 8.927 Thread 0x00000171fc873800 nmethod 5453 0x00000171e7138c10 code [0x00000171e7138dc0, 0x00000171e7138f68]
Event: 8.928 Thread 0x00000171fd0f2800 5454   !   4       java.util.concurrent.ConcurrentHashMap::putVal (432 bytes)
Event: 8.928 Thread 0x00000171fc873800 5455   !   3       com.sun.beans.introspect.ClassInfo::getMethods (47 bytes)
Event: 8.929 Thread 0x00000171fc873800 nmethod 5455 0x00000171e7139010 code [0x00000171e71391c0, 0x00000171e7139588]
Event: 8.929 Thread 0x00000171fc873800 5456       3       java.beans.PropertyDescriptor::setPropertyType (9 bytes)
Event: 8.930 Thread 0x00000171fc873800 nmethod 5456 0x00000171e7139690 code [0x00000171e7139860, 0x00000171e7139be8]

GC Heap History (10 events):
Event: 2.720 GC heap before
{Heap before GC invocations=5 (full 0):
 garbage-first heap   total 131072K, used 83258K [0x0000000081c00000, 0x0000000100000000)
  region size 1024K, 76 young (77824K), 4 survivors (4096K)
 Metaspace       used 29716K, capacity 30567K, committed 30720K, reserved 1077248K
  class space    used 3429K, capacity 3760K, committed 3840K, reserved 1048576K
}
Event: 2.732 GC heap after
{Heap after GC invocations=6 (full 0):
 garbage-first heap   total 157696K, used 13371K [0x0000000081c00000, 0x0000000100000000)
  region size 1024K, 7 young (7168K), 7 survivors (7168K)
 Metaspace       used 29716K, capacity 30567K, committed 30720K, reserved 1077248K
  class space    used 3429K, capacity 3760K, committed 3840K, reserved 1048576K
}
Event: 3.726 GC heap before
{Heap before GC invocations=6 (full 0):
 garbage-first heap   total 157696K, used 49211K [0x0000000081c00000, 0x0000000100000000)
  region size 1024K, 43 young (44032K), 7 survivors (7168K)
 Metaspace       used 34716K, capacity 35738K, committed 35840K, reserved 1081344K
  class space    used 4127K, capacity 4536K, committed 4608K, reserved 1048576K
}
Event: 3.735 GC heap after
{Heap after GC invocations=7 (full 0):
 garbage-first heap   total 157696K, used 15745K [0x0000000081c00000, 0x0000000100000000)
  region size 1024K, 7 young (7168K), 7 survivors (7168K)
 Metaspace       used 34716K, capacity 35738K, committed 35840K, reserved 1081344K
  class space    used 4127K, capacity 4536K, committed 4608K, reserved 1048576K
}
Event: 4.592 GC heap before
{Heap before GC invocations=8 (full 0):
 garbage-first heap   total 157696K, used 101761K [0x0000000081c00000, 0x0000000100000000)
  region size 1024K, 92 young (94208K), 7 survivors (7168K)
 Metaspace       used 41622K, capacity 42989K, committed 43264K, reserved 1087488K
  class space    used 5009K, capacity 5569K, committed 5632K, reserved 1048576K
}
Event: 4.603 GC heap after
{Heap after GC invocations=9 (full 0):
 garbage-first heap   total 157696K, used 18920K [0x0000000081c00000, 0x0000000100000000)
  region size 1024K, 10 young (10240K), 10 survivors (10240K)
 Metaspace       used 41622K, capacity 42989K, committed 43264K, reserved 1087488K
  class space    used 5009K, capacity 5569K, committed 5632K, reserved 1048576K
}
Event: 6.283 GC heap before
{Heap before GC invocations=9 (full 0):
 garbage-first heap   total 157696K, used 102888K [0x0000000081c00000, 0x0000000100000000)
  region size 1024K, 92 young (94208K), 10 survivors (10240K)
 Metaspace       used 55776K, capacity 57327K, committed 57472K, reserved 1099776K
  class space    used 7103K, capacity 7751K, committed 7808K, reserved 1048576K
}
Event: 6.294 GC heap after
{Heap after GC invocations=10 (full 0):
 garbage-first heap   total 157696K, used 23016K [0x0000000081c00000, 0x0000000100000000)
  region size 1024K, 10 young (10240K), 10 survivors (10240K)
 Metaspace       used 55776K, capacity 57327K, committed 57472K, reserved 1099776K
  class space    used 7103K, capacity 7751K, committed 7808K, reserved 1048576K
}
Event: 6.690 GC heap before
{Heap before GC invocations=10 (full 0):
 garbage-first heap   total 157696K, used 44520K [0x0000000081c00000, 0x0000000100000000)
  region size 1024K, 32 young (32768K), 10 survivors (10240K)
 Metaspace       used 58644K, capacity 60136K, committed 60160K, reserved 1101824K
  class space    used 7564K, capacity 8192K, committed 8192K, reserved 1048576K
}
Event: 6.704 GC heap after
{Heap after GC invocations=11 (full 0):
 garbage-first heap   total 189440K, used 23752K [0x0000000081c00000, 0x0000000100000000)
  region size 1024K, 6 young (6144K), 6 survivors (6144K)
 Metaspace       used 58644K, capacity 60136K, committed 60160K, reserved 1101824K
  class space    used 7564K, capacity 8192K, committed 8192K, reserved 1048576K
}

Deoptimization events (10 events):
Event: 7.790 Thread 0x00000171de98c000 Uncommon trap: reason=unstable_if action=reinterpret pc=0x00000171edb68dd0 method=java.util.concurrent.ConcurrentHashMap.get(Ljava/lang/Object;)Ljava/lang/Object; @ 86 c2
Event: 7.941 Thread 0x00000171de98c000 Uncommon trap: reason=unstable_if action=reinterpret pc=0x00000171edda7fa4 method=java.util.regex.Matcher.reset()Ljava/util/regex/Matcher; @ 71 c2
Event: 8.003 Thread 0x00000171de98c000 Uncommon trap: reason=unstable_if action=reinterpret pc=0x00000171edd06ee4 method=org.springframework.core.annotation.AnnotationsScanner.isWithoutHierarchy(Ljava/lang/reflect/AnnotatedElement;Lorg/springframework/core/annotation/MergedAnnotations$SearchSt
Event: 8.017 Thread 0x00000171de98c000 Uncommon trap: reason=unstable_if action=reinterpret pc=0x00000171ede21d40 method=org.springframework.beans.factory.support.AbstractBeanFactory.isTypeMatch(Ljava/lang/String;Lorg/springframework/core/ResolvableType;Z)Z @ 34 c2
Event: 8.357 Thread 0x00000171de98c000 Uncommon trap: reason=null_check action=make_not_entrant pc=0x00000171ede1a4b8 method=java.lang.Class.getMethodsRecursive(Ljava/lang/String;[Ljava/lang/Class;Z)Ljava/lang/PublicMethods$MethodList; @ 26 c2
Event: 8.358 Thread 0x00000171de98c000 Uncommon trap: reason=null_check action=make_not_entrant pc=0x00000171edc15118 method=org.springframework.util.ClassUtils.isAssignable(Ljava/lang/Class;Ljava/lang/Class;)Z @ 14 c2
Event: 8.381 Thread 0x00000171de98c000 Uncommon trap: reason=unstable_if action=reinterpret pc=0x00000171edd10e28 method=org.springframework.core.annotation.TypeMappedAnnotations$MergedAnnotationFinder.doWithAnnotations(Ljava/lang/Object;ILjava/lang/Object;[Ljava/lang/annotation/Annotation;)Lo
Event: 8.408 Thread 0x00000171de98c000 Uncommon trap: reason=unstable_if action=reinterpret pc=0x00000171eddb4170 method=java.util.ArrayDeque.addLast(Ljava/lang/Object;)V @ 42 c2
Event: 8.890 Thread 0x00000171de98c000 Uncommon trap: reason=speculate_null_assert action=make_not_entrant pc=0x00000171edc9f398 method=org.springframework.util.ConcurrentReferenceHashMap$Segment.restructureIfNecessary(Z)V @ 41 c2
Event: 8.897 Thread 0x00000171de98c000 Uncommon trap: reason=speculate_null_assert action=make_not_entrant pc=0x00000171edbc6a98 method=org.springframework.util.ConcurrentReferenceHashMap$Segment.restructureIfNecessary(Z)V @ 41 c2

Classes redefined (0 events):
No events

Internal exceptions (10 events):
Event: 8.376 Thread 0x00000171de98c000 Exception <a 'java/lang/ClassNotFoundException'{0x00000000899507e0}: org/springframework/context/ApplicationEventPublisherAwareCustomizer> (0x00000000899507e0) thrown at [./open/src/hotspot/share/classfile/systemDictionary.cpp, line 227]
Event: 8.376 Thread 0x00000171de98c000 Exception <a 'java/lang/ClassNotFoundException'{0x00000000899605b0}: org/springframework/beans/factory/AwareCustomizer> (0x00000000899605b0) thrown at [./open/src/hotspot/share/classfile/systemDictionary.cpp, line 227]
Event: 8.387 Thread 0x00000171de98c000 Exception <a 'java/lang/ClassNotFoundException'{0x000000008998caf8}: java/lang/ObjectCustomizer> (0x000000008998caf8) thrown at [./open/src/hotspot/share/classfile/systemDictionary.cpp, line 227]
Event: 8.388 Thread 0x00000171de98c000 Exception <a 'java/lang/ClassNotFoundException'{0x00000000899a1340}: org/springframework/core/io/support/PropertiesLoaderSupportCustomizer> (0x00000000899a1340) thrown at [./open/src/hotspot/share/classfile/systemDictionary.cpp, line 227]
Event: 8.390 Thread 0x00000171de98c000 Exception <a 'java/lang/ClassNotFoundException'{0x00000000899bb5a8}: org/springframework/beans/factory/config/PropertiesFactoryBeanCustomizer> (0x00000000899bb5a8) thrown at [./open/src/hotspot/share/classfile/systemDictionary.cpp, line 227]
Event: 8.392 Thread 0x00000171de98c000 Exception <a 'java/lang/ClassNotFoundException'{0x00000000899db238}: org/springframework/beans/factory/FactoryBeanCustomizer> (0x00000000899db238) thrown at [./open/src/hotspot/share/classfile/systemDictionary.cpp, line 227]
Event: 8.393 Thread 0x00000171de98c000 Exception <a 'java/lang/ClassNotFoundException'{0x00000000899edd80}: org/springframework/beans/factory/InitializingBeanCustomizer> (0x00000000899edd80) thrown at [./open/src/hotspot/share/classfile/systemDictionary.cpp, line 227]
Event: 8.620 Thread 0x00000171de98c000 Exception <a 'java/lang/IncompatibleClassChangeError'{0x00000000894b69e0}: Found class java.lang.Object, but interface was expected> (0x00000000894b69e0) thrown at [./open/src/hotspot/share/interpreter/linkResolver.cpp, line 838]
Event: 8.927 Thread 0x00000171de98c000 Exception <a 'java/lang/ClassNotFoundException'{0x0000000088fba180}: java/lang/ObjectCustomizer> (0x0000000088fba180) thrown at [./open/src/hotspot/share/classfile/systemDictionary.cpp, line 227]
Event: 8.928 Thread 0x00000171de98c000 Exception <a 'java/lang/ClassNotFoundException'{0x0000000088fcb5c8}: com/dz8/demo/model/user/entity/UserCustomizer> (0x0000000088fcb5c8) thrown at [./open/src/hotspot/share/classfile/systemDictionary.cpp, line 227]

Events (10 events):
Event: 8.934 loading class org/springframework/data/util/TypeInformation
Event: 8.934 loading class org/springframework/data/util/TypeInformation done
Event: 8.934 loading class org/springframework/data/util/TypeInformation
Event: 8.934 loading class org/springframework/data/util/TypeInformation done
Event: 8.935 loading class org/springframework/data/util/Optionals
Event: 8.935 loading class org/springframework/data/util/Optionals done
Event: 8.938 loading class org/springframework/data/util/TypeInformation
Event: 8.938 loading class org/springframework/data/util/TypeInformation done
Event: 8.938 loading class org/springframework/data/util/TypeInformation
Event: 8.938 loading class org/springframework/data/util/TypeInformation done


Dynamic libraries:
0x00007ff643150000 - 0x00007ff64315f000 	C:\Program Files\Java\jdk-11.0.13\bin\java.exe
0x00007ff8c6310000 - 0x00007ff8c6508000 	C:\windows\SYSTEM32\ntdll.dll
0x00007ff8c5e80000 - 0x00007ff8c5f3d000 	C:\windows\System32\KERNEL32.DLL
0x00007ff8c3ac0000 - 0x00007ff8c3d8e000 	C:\windows\System32\KERNELBASE.dll
0x00007ff8c3f70000 - 0x00007ff8c4070000 	C:\windows\System32\ucrtbase.dll
0x00007ff8940b0000 - 0x00007ff8940c5000 	C:\Program Files\Java\jdk-11.0.13\bin\VCRUNTIME140.dll
0x00007ff8940d0000 - 0x00007ff8940e8000 	C:\Program Files\Java\jdk-11.0.13\bin\jli.dll
0x00007ff8c5b80000 - 0x00007ff8c5c2e000 	C:\windows\System32\ADVAPI32.dll
0x00007ff8c5c30000 - 0x00007ff8c5cce000 	C:\windows\System32\msvcrt.dll
0x00007ff8c4440000 - 0x00007ff8c44dc000 	C:\windows\System32\sechost.dll
0x00007ff8c4510000 - 0x00007ff8c4635000 	C:\windows\System32\RPCRT4.dll
0x00007ff8c57a0000 - 0x00007ff8c5940000 	C:\windows\System32\USER32.dll
0x00007ff8c3ea0000 - 0x00007ff8c3ec2000 	C:\windows\System32\win32u.dll
0x00007ff8a7a40000 - 0x00007ff8a7cda000 	C:\windows\WinSxS\amd64_microsoft.windows.common-controls_6595b64144ccf1df_6.0.19041.1110_none_60b5254171f9507e\COMCTL32.dll
0x00007ff8c44e0000 - 0x00007ff8c450a000 	C:\windows\System32\GDI32.dll
0x00007ff8c3d90000 - 0x00007ff8c3e9b000 	C:\windows\System32\gdi32full.dll
0x00007ff8c42d0000 - 0x00007ff8c436d000 	C:\windows\System32\msvcp_win.dll
0x00007ff8bcca0000 - 0x00007ff8bccaa000 	C:\windows\SYSTEM32\VERSION.dll
0x00007ff8c60f0000 - 0x00007ff8c6120000 	C:\windows\System32\IMM32.DLL
0x00007ff875c00000 - 0x00007ff875c9b000 	C:\Program Files\Java\jdk-11.0.13\bin\msvcp140.dll
0x00007ff868780000 - 0x00007ff869293000 	C:\Program Files\Java\jdk-11.0.13\bin\server\jvm.dll
0x00007ff8c5b10000 - 0x00007ff8c5b18000 	C:\windows\System32\PSAPI.DLL
0x00007ff86cf50000 - 0x00007ff86cf59000 	C:\windows\SYSTEM32\WSOCK32.dll
0x00007ff8a3020000 - 0x00007ff8a3047000 	C:\windows\SYSTEM32\WINMM.dll
0x00007ff8c6120000 - 0x00007ff8c618b000 	C:\windows\System32\WS2_32.dll
0x00007ff8c1930000 - 0x00007ff8c1942000 	C:\windows\SYSTEM32\kernel.appcore.dll
0x00007ff8940a0000 - 0x00007ff8940b0000 	C:\Program Files\Java\jdk-11.0.13\bin\verify.dll
0x00007ff8b1c30000 - 0x00007ff8b1e14000 	C:\windows\SYSTEM32\DBGHELP.DLL
0x00007ff8b2b30000 - 0x00007ff8b2b5c000 	C:\windows\SYSTEM32\dbgcore.DLL
0x00007ff8c3a30000 - 0x00007ff8c3ab2000 	C:\windows\System32\bcryptPrimitives.dll
0x00007ff893570000 - 0x00007ff893598000 	C:\Program Files\Java\jdk-11.0.13\bin\java.dll
0x00007ff876f10000 - 0x00007ff876f1a000 	C:\Program Files\Java\jdk-11.0.13\bin\jimage.dll
0x00007ff875670000 - 0x00007ff875686000 	C:\Program Files\Java\jdk-11.0.13\bin\zip.dll
0x00007ff8c4660000 - 0x00007ff8c4da4000 	C:\windows\System32\SHELL32.dll
0x00007ff8c1b30000 - 0x00007ff8c22c4000 	C:\windows\SYSTEM32\windows.storage.dll
0x00007ff8c4e60000 - 0x00007ff8c51b4000 	C:\windows\System32\combase.dll
0x00007ff8c3490000 - 0x00007ff8c34c0000 	C:\windows\SYSTEM32\Wldp.dll
0x00007ff8c4db0000 - 0x00007ff8c4e5d000 	C:\windows\System32\SHCORE.dll
0x00007ff8c43e0000 - 0x00007ff8c4435000 	C:\windows\System32\shlwapi.dll
0x00007ff8c3970000 - 0x00007ff8c398f000 	C:\windows\SYSTEM32\profapi.dll
0x00007ff871640000 - 0x00007ff871659000 	C:\Program Files\Java\jdk-11.0.13\bin\net.dll
0x00007ff8b2570000 - 0x00007ff8b267a000 	C:\windows\SYSTEM32\WINHTTP.dll
0x00007ff8c31f0000 - 0x00007ff8c325a000 	C:\windows\system32\mswsock.dll
0x00007ff871620000 - 0x00007ff871632000 	C:\Program Files\Java\jdk-11.0.13\bin\nio.dll
0x00007ff871610000 - 0x00007ff871619000 	C:\Program Files\Java\jdk-11.0.13\bin\management.dll
0x00007ff871600000 - 0x00007ff87160b000 	C:\Program Files\Java\jdk-11.0.13\bin\management_ext.dll
0x00007ff8a28e0000 - 0x00007ff8a28f7000 	C:\windows\system32\napinsp.dll
0x00007ff8a28c0000 - 0x00007ff8a28db000 	C:\windows\system32\pnrpnsp.dll
0x00007ff8be9b0000 - 0x00007ff8be9c5000 	C:\windows\system32\wshbth.dll
0x00007ff8bf800000 - 0x00007ff8bf81d000 	C:\windows\system32\NLAapi.dll
0x00007ff8c2e90000 - 0x00007ff8c2ecb000 	C:\windows\SYSTEM32\IPHLPAPI.DLL
0x00007ff8c2ed0000 - 0x00007ff8c2f9a000 	C:\windows\SYSTEM32\DNSAPI.dll
0x00007ff8c5630000 - 0x00007ff8c5638000 	C:\windows\System32\NSI.dll
0x00007ff8a2870000 - 0x00007ff8a2882000 	C:\windows\System32\winrnr.dll
0x00007ff8b3ce0000 - 0x00007ff8b3cea000 	C:\Windows\System32\rasadhlp.dll
0x00007ff8b23f0000 - 0x00007ff8b2470000 	C:\windows\System32\fwpuclnt.dll
0x00007ff8c3f40000 - 0x00007ff8c3f67000 	C:\windows\System32\bcrypt.dll
0x00007ff8c33e0000 - 0x00007ff8c33f8000 	C:\windows\SYSTEM32\CRYPTSP.dll
0x00007ff8c2b00000 - 0x00007ff8c2b34000 	C:\windows\system32\rsaenh.dll
0x00007ff8c3930000 - 0x00007ff8c395e000 	C:\windows\SYSTEM32\USERENV.dll
0x00007ff8c3400000 - 0x00007ff8c340c000 	C:\windows\SYSTEM32\CRYPTBASE.dll
0x00007ff8ba340000 - 0x00007ff8ba357000 	C:\windows\SYSTEM32\dhcpcsvc6.DLL
0x00007ff8ba5b0000 - 0x00007ff8ba5cd000 	C:\windows\SYSTEM32\dhcpcsvc.DLL
0x00007ff8bf8c0000 - 0x00007ff8bf8e5000 	C:\Program Files\Java\jdk-11.0.13\bin\sunec.dll
0x00007ff8bf850000 - 0x00007ff8bf85d000 	C:\Program Files\Java\jdk-11.0.13\bin\sunmscapi.dll
0x00007ff8c40c0000 - 0x00007ff8c4216000 	C:\windows\System32\CRYPT32.dll
0x00007ff8c3500000 - 0x00007ff8c3527000 	C:\windows\SYSTEM32\ncrypt.dll
0x00007ff8c34c0000 - 0x00007ff8c34fb000 	C:\windows\SYSTEM32\NTASN1.dll

dbghelp: loaded successfully - version: 4.0.5 - missing functions: none
symbol engine: initialized successfully - sym options: 0x614 - pdb path: .;C:\Program Files\Java\jdk-11.0.13\bin;C:\windows\SYSTEM32;C:\windows\WinSxS\amd64_microsoft.windows.common-controls_6595b64144ccf1df_6.0.19041.1110_none_60b5254171f9507e;C:\Program Files\Java\jdk-11.0.13\bin\server

VM Arguments:
jvm_args: -Dfile.encoding=windows-1251 -Duser.country=UA -Duser.language=uk -Duser.variant 
java_command: com.dz8.demo.Dz8Application
java_class_path (initial): G:\Íîâà ïàïêà\Java\Study\dz8\demo\build\classes\java\main;G:\Íîâà ïàïêà\Java\Study\dz8\demo\build\resources\main;C:\Users\NoName\.gradle\caches\modules-2\files-2.1\org.springframework.boot\spring-boot-starter-actuator\2.7.3\dfc9122bab9213d6bbed1b77921ceffc0b16538f\spring-boot-starter-actuator-2.7.3.jar;C:\Users\NoName\.gradle\caches\modules-2\files-2.1\org.springframework.boot\spring-boot-starter-data-jpa\2.7.3\23f7118584200cf9edd43140dc6252679047bee0\spring-boot-starter-data-jpa-2.7.3.jar;C:\Users\NoName\.gradle\caches\modules-2\files-2.1\org.springframework.boot\spring-boot-starter-jdbc\2.7.3\c5cfc6efad06811d5dd916e86c97989b08575b31\spring-boot-starter-jdbc-2.7.3.jar;C:\Users\NoName\.gradle\caches\modules-2\files-2.1\org.springframework.boot\spring-boot-starter-security\2.7.3\bcdd12a760d204281a64dccbd670810c494507e3\spring-boot-starter-security-2.7.3.jar;C:\Users\NoName\.gradle\caches\modules-2\files-2.1\org.springframework.boot\spring-boot-starter-thymeleaf\2.7.3\3dc30e21fe12e5ebc6beef56d1cb5d59fbc0b285\spring-boot-starter-thymeleaf-2.7.3.jar;C:\Users\NoName\.gradle\caches\modules-2\files-2.1\org.springframework.boot\spring-boot-starter-web\2.7.3\9e36c7517c4f872b69d0665e1dd46bd6d83c43b7\spring-boot-starter-web-2.7.3.jar;C:\Users\NoName\.gradle\caches\modules-2\files-2.1\org.flywaydb\flyway-mysql\8.5.13\c19e9c61ccb820e6384ed992f5a5c82a3469a9f4\flyway-mysql-8.5.13.jar;C:\Users\NoName\.gradle\caches\modules-2\files-2.1\org.flywaydb\flyway-core\8.5.13\659e5942926c38af7347b3e9f1f7658b22aa78b7\flyway-core-8.5.13.jar;C:\Users\NoName\.gradle\caches\modules-2\files-2.1\org.thymeleaf.extras\thymeleaf-extras-springsecurity5\3.0.4.RELEASE\88bb10bf73ce285208dd848e8eb17f897ebb02d4\thymeleaf-extras-springsecurity5-3.0.4.RELEASE.jar;C:\Users\NoName\.gradle\caches\modules-2\files-2.1\mysql\mysql-connector-java\8.0.30\b26dd6e4e917d3d4726c34d09d2fd67df7c1dd37\mysql-connector-java-8.0.30.jar;C:\Users\NoName\.gradle\caches\modules-2\files-2.1\org.springfr
Launcher Type: SUN_STANDARD

[Global flags]
     intx CICompilerCount                          = 4                                         {product} {ergonomic}
     uint ConcGCThreads                            = 2                                         {product} {ergonomic}
     uint G1ConcRefinementThreads                  = 8                                         {product} {ergonomic}
   size_t G1HeapRegionSize                         = 1048576                                   {product} {ergonomic}
    uintx GCDrainStackTargetSize                   = 64                                        {product} {ergonomic}
   size_t InitialHeapSize                          = 134217728                                 {product} {ergonomic}
   size_t MarkStackSize                            = 4194304                                   {product} {ergonomic}
   size_t MaxHeapSize                              = 2118123520                                {product} {ergonomic}
   size_t MaxNewSize                               = 1270874112                                {product} {ergonomic}
   size_t MinHeapDeltaBytes                        = 1048576                                   {product} {ergonomic}
    uintx NonNMethodCodeHeapSize                   = 5836300                                {pd product} {ergonomic}
    uintx NonProfiledCodeHeapSize                  = 122910970                              {pd product} {ergonomic}
    uintx ProfiledCodeHeapSize                     = 122910970                              {pd product} {ergonomic}
    uintx ReservedCodeCacheSize                    = 251658240                              {pd product} {ergonomic}
     bool SegmentedCodeCache                       = true                                      {product} {ergonomic}
     bool UseCompressedClassPointers               = true                                 {lp64_product} {ergonomic}
     bool UseCompressedOops                        = true                                 {lp64_product} {ergonomic}
     bool UseG1GC                                  = true                                      {product} {ergonomic}
     bool UseLargePagesIndividualAllocation        = false                                  {pd product} {ergonomic}

Logging:
Log output configuration:
 #0: stdout all=warning uptime,level,tags
 #1: stderr all=off uptime,level,tags

Environment Variables:
JAVA_HOME=C:\Program Files\Java\jdk-11.0.13
PATH=C:\windows\system32;C:\windows;C:\windows\System32\Wbem;C:\windows\System32\WindowsPowerShell\v1.0\;C:\windows\System32\OpenSSH\;C:\Program Files\Java\jdk-11.0.13\bin;C:\apache-maven-3.8.4\bin;C:\Program Files\Git\cmd;C:\apache-maven-3.8.4\bin;C:\cr;C:\gradle-7.4.2-all\gradle-7.4.2\bin;C:\Program Files\Seq\;C:\Program Files\Seq\Client\;%UserRoot%;C:\Users\NoName\AppData\Local\Microsoft\WindowsApps;
USERNAME=NoName
OS=Windows_NT
PROCESSOR_IDENTIFIER=Intel64 Family 6 Model 142 Stepping 10, GenuineIntel



---------------  S Y S T E M  ---------------

OS: Windows 10 , 64 bit Build 19041 (10.0.19041.1889)

CPU:total 8 (initial active 8) (4 cores per cpu, 2 threads per core) family 6 model 142 stepping 10 microcode 0xb4, cmov, cx8, fxsr, mmx, sse, sse2, sse3, ssse3, sse4.1, sse4.2, popcnt, avx, avx2, aes, clmul, erms, 3dnowpref, lzcnt, ht, tsc, tscinvbit, bmi1, bmi2, adx, fma

Memory: 4k page, system-wide physical 8075M (839M free)
TotalPageFile size 8075M (AvailPageFile size 0M)
current process WorkingSet (physical memory assigned to process): 355M, peak: 376M
current process commit charge ("private bytes"): 423M, peak: 444M

vm_info: Java HotSpot(TM) 64-Bit Server VM (11.0.13+10-LTS-370) for windows-amd64 JRE (11.0.13+10-LTS-370), built on Sep 15 2021 22:10:36 by "mach5one" with MS VC++ 15.9 (VS2017)

END.
